Linked: (/home/zxh/ws/quaddif/deploy/devel/.private/accel_control/share/roseus/ros/accel_control/manifest.l, /home/zxh/ws/quaddif/deploy/devel/share/roseus/ros/accel_control/manifest.l)
Linked: (/home/zxh/ws/quaddif/deploy/devel/.private/accel_control/share/roseus/ros/accel_control/srv/DepthImage.l, /home/zxh/ws/quaddif/deploy/devel/share/roseus/ros/accel_control/srv/DepthImage.l)
Linked: (/home/zxh/ws/quaddif/deploy/devel/.private/accel_control/share/accel_control/cmake/accel_controlConfig.cmake, /home/zxh/ws/quaddif/deploy/devel/share/accel_control/cmake/accel_controlConfig.cmake)
Linked: (/home/zxh/ws/quaddif/deploy/devel/.private/accel_control/share/accel_control/cmake/accel_control-msg-paths.cmake, /home/zxh/ws/quaddif/deploy/devel/share/accel_control/cmake/accel_control-msg-paths.cmake)
Linked: (/home/zxh/ws/quaddif/deploy/devel/.private/accel_control/share/accel_control/cmake/accel_control-msg-extras.cmake, /home/zxh/ws/quaddif/deploy/devel/share/accel_control/cmake/accel_control-msg-extras.cmake)
Linked: (/home/zxh/ws/quaddif/deploy/devel/.private/accel_control/share/accel_control/cmake/accel_controlConfig-version.cmake, /home/zxh/ws/quaddif/deploy/devel/share/accel_control/cmake/accel_controlConfig-version.cmake)
Linked: (/home/zxh/ws/quaddif/deploy/devel/.private/accel_control/share/gennodejs/ros/accel_control/_index.js, /home/zxh/ws/quaddif/deploy/devel/share/gennodejs/ros/accel_control/_index.js)
Linked: (/home/zxh/ws/quaddif/deploy/devel/.private/accel_control/share/gennodejs/ros/accel_control/srv/_index.js, /home/zxh/ws/quaddif/deploy/devel/share/gennodejs/ros/accel_control/srv/_index.js)
Linked: (/home/zxh/ws/quaddif/deploy/devel/.private/accel_control/share/gennodejs/ros/accel_control/srv/DepthImage.js, /home/zxh/ws/quaddif/deploy/devel/share/gennodejs/ros/accel_control/srv/DepthImage.js)
Linked: (/home/zxh/ws/quaddif/deploy/devel/.private/accel_control/share/common-lisp/ros/accel_control/srv/_package_DepthImage.lisp, /home/zxh/ws/quaddif/deploy/devel/share/common-lisp/ros/accel_control/srv/_package_DepthImage.lisp)
Linked: (/home/zxh/ws/quaddif/deploy/devel/.private/accel_control/share/common-lisp/ros/accel_control/srv/_package.lisp, /home/zxh/ws/quaddif/deploy/devel/share/common-lisp/ros/accel_control/srv/_package.lisp)
Linked: (/home/zxh/ws/quaddif/deploy/devel/.private/accel_control/share/common-lisp/ros/accel_control/srv/accel_control-srv.asd, /home/zxh/ws/quaddif/deploy/devel/share/common-lisp/ros/accel_control/srv/accel_control-srv.asd)
Linked: (/home/zxh/ws/quaddif/deploy/devel/.private/accel_control/share/common-lisp/ros/accel_control/srv/DepthImage.lisp, /home/zxh/ws/quaddif/deploy/devel/share/common-lisp/ros/accel_control/srv/DepthImage.lisp)
Linked: (/home/zxh/ws/quaddif/deploy/devel/.private/accel_control/include/accel_control/DepthImageResponse.h, /home/zxh/ws/quaddif/deploy/devel/include/accel_control/DepthImageResponse.h)
Linked: (/home/zxh/ws/quaddif/deploy/devel/.private/accel_control/include/accel_control/DepthImageRequest.h, /home/zxh/ws/quaddif/deploy/devel/include/accel_control/DepthImageRequest.h)
Linked: (/home/zxh/ws/quaddif/deploy/devel/.private/accel_control/include/accel_control/DepthImage.h, /home/zxh/ws/quaddif/deploy/devel/include/accel_control/DepthImage.h)
Linked: (/home/zxh/ws/quaddif/deploy/devel/.private/accel_control/lib/libaccel_control.so, /home/zxh/ws/quaddif/deploy/devel/lib/libaccel_control.so)
Linked: (/home/zxh/ws/quaddif/deploy/devel/.private/accel_control/lib/python3/dist-packages/accel_control/__init__.py, /home/zxh/ws/quaddif/deploy/devel/lib/python3/dist-packages/accel_control/__init__.py)
Linked: (/home/zxh/ws/quaddif/deploy/devel/.private/accel_control/lib/python3/dist-packages/accel_control/srv/__init__.py, /home/zxh/ws/quaddif/deploy/devel/lib/python3/dist-packages/accel_control/srv/__init__.py)
Linked: (/home/zxh/ws/quaddif/deploy/devel/.private/accel_control/lib/python3/dist-packages/accel_control/srv/_DepthImage.py, /home/zxh/ws/quaddif/deploy/devel/lib/python3/dist-packages/accel_control/srv/_DepthImage.py)
Linked: (/home/zxh/ws/quaddif/deploy/devel/.private/accel_control/lib/accel_control/position_control.py, /home/zxh/ws/quaddif/deploy/devel/lib/accel_control/position_control.py)
Linked: (/home/zxh/ws/quaddif/deploy/devel/.private/accel_control/lib/accel_control/camera_test.py, /home/zxh/ws/quaddif/deploy/devel/lib/accel_control/camera_test.py)
Linked: (/home/zxh/ws/quaddif/deploy/devel/.private/accel_control/lib/accel_control/accel_control_sim, /home/zxh/ws/quaddif/deploy/devel/lib/accel_control/accel_control_sim)
Linked: (/home/zxh/ws/quaddif/deploy/devel/.private/accel_control/lib/accel_control/test.py, /home/zxh/ws/quaddif/deploy/devel/lib/accel_control/test.py)
Linked: (/home/zxh/ws/quaddif/deploy/devel/.private/accel_control/lib/accel_control/obstacle_avoidance.py, /home/zxh/ws/quaddif/deploy/devel/lib/accel_control/obstacle_avoidance.py)
Symlinking /home/zxh/ws/quaddif/deploy/devel/lib/accel_control/depth_camera.py
Linked: (/home/zxh/ws/quaddif/deploy/devel/.private/accel_control/lib/accel_control/cmake.lock, /home/zxh/ws/quaddif/deploy/devel/lib/accel_control/cmake.lock)
Linked: (/home/zxh/ws/quaddif/deploy/devel/.private/accel_control/lib/pkgconfig/accel_control.pc, /home/zxh/ws/quaddif/deploy/devel/lib/pkgconfig/accel_control.pc)
