[36m--[0m Using CATKIN_DEVEL_PREFIX: /home/zxh/ws/quaddif/deploy/devel/.private/accel_control
[36m--[0m Using CMAKE_PREFIX_PATH: /home/zxh/ws/quaddif/deploy/devel;/opt/ros/noetic
[36m--[0m This workspace overlays: /home/zxh/ws/quaddif/deploy/devel;/opt/ros/noetic
[36m--[0m Using PYTHON_EXECUTABLE: /home/zxh/miniconda3/envs/ros1/bin/python
[36m--[0m Using Debian Python package layout
[36m--[0m Using empy: /home/zxh/.local/lib/python3.8/site-packages/em.py
[36m--[0m Using CATKIN_ENABLE_TESTING: False
[36m--[0m catkin 0.8.10
[36m--[0m BUILD_SHARED_LIBS is on
[36m--[0m Using these message generators: gencpp;geneus;genlisp;gennodejs;genpy
[31m[1mCMake Error[0m at /home/zxh/ws/quaddif/deploy/build/accel_control/cmake/accel_control-genmsg.cmake:3 (message):
  Could not find messages which
  '/home/zxh/ws/quaddif/deploy/src/accel_control/srv/DepthImage.srv' depends
  on.  Did you forget to specify generate_messages(DEPENDENCIES ...)?

  Cannot locate message [Image]: unknown package [accel_control] on search
  path [{{'std_msgs': ['/opt/ros/noetic/share/std_msgs/cmake/../msg'],
  'sensor_msgs': ['/opt/ros/noetic/share/sensor_msgs/cmake/../msg'],
  'geometry_msgs': ['/opt/ros/noetic/share/geometry_msgs/cmake/../msg']}}]
[36mCall Stack (most recent call first):[0m
  /opt/ros/noetic/share/genmsg/cmake/genmsg-extras.cmake:307 (include)
  CMakeLists.txt:77 (generate_messages)


[36m--[0m Configuring incomplete, errors occurred!
See also "/home/zxh/ws/quaddif/deploy/build/accel_control/CMakeFiles/CMakeOutput.log".
make: *** [Makefile:985: cmake_check_build_system] Error 1
