[35m[1mScanning dependencies of target sensor_msgs_generate_messages_lisp[0m
[35m[1mScanning dependencies of target sensor_msgs_generate_messages_eus[0m
[35m[1mScanning dependencies of target sensor_msgs_generate_messages_cpp[0m
[35m[1mScanning dependencies of target sensor_msgs_generate_messages_py[0m
[35m[1mScanning dependencies of target sensor_msgs_generate_messages_nodejs[0m
[  0%] Built target sensor_msgs_generate_messages_lisp
[  0%] Built target sensor_msgs_generate_messages_eus
[ 40%] Built target accel_control
[ 40%] Built target sensor_msgs_generate_messages_cpp
[ 40%] Built target sensor_msgs_generate_messages_py
[ 40%] Built target sensor_msgs_generate_messages_nodejs
[ 80%] Built target accel_control_sim
[35m[1mScanning dependencies of target accel_control_generate_messages_lisp[0m
[35m[1mScanning dependencies of target accel_control_generate_messages_eus[0m
[35m[1mScanning dependencies of target accel_control_generate_messages_cpp[0m
[35m[1mScanning dependencies of target accel_control_generate_messages_nodejs[0m
[35m[1mScanning dependencies of target accel_control_generate_messages_py[0m
[100%] [34m[1mGenerating EusLisp manifest code for accel_control[0m
[100%] Built target accel_control_generate_messages_lisp
[100%] Built target accel_control_generate_messages_cpp
[100%] Built target accel_control_generate_messages_py
[100%] Built target accel_control_generate_messages_nodejs
[100%] Built target accel_control_generate_messages_eus
[35m[1mScanning dependencies of target accel_control_generate_messages[0m
[100%] Built target accel_control_generate_messages
